<?xml version="1.0" encoding="UTF-8"?>
<!-- Generated by org.testng.reporters.JUnitXMLReporter -->
<testsuite ignored="0" hostname="LTIN199965" failures="0" tests="11" name="chromeTest" time="268.388" errors="0" timestamp="2024-02-16T14:32:06 IST">
  <testcase classname="testCases.TC_001_SearchingDentists" name="searchingDentists" time="7.102"/>
  <testcase classname="testCases.TC_001_SearchingDentists" name="gettingDentists" time="33.993"/>
  <testcase classname="testCases.TC_002_Surgeries" name="topSurgeries" time="5.679"/>
  <testcase classname="testCases.TC_002_Surgeries" name="generalSurgeries" time="1.052"/>
  <testcase classname="testCases.TC_002_Surgeries" name="orthopedicSurgeries" time="0.726"/>
  <testcase classname="testCases.TC_002_Surgeries" name="practologySurgeries" time="0.856"/>
  <testcase classname="testCases.TC_002_Surgeries" name="ophtomologySurgeries" time="0.579"/>
  <testcase classname="testCases.TC_002_Surgeries" name="urologySurgeries" time="1.184"/>
  <testcase classname="testCases.TC_002_Surgeries" name="cosmeticSurgeries" time="0.868"/>
  <testcase classname="testCases.TC_003_CorporateWellness_InvalidDetails" name="checkingInvalidDetails" time="10.338"/>
  <testcase classname="testCases.TC_003_CorporateWellness_ValidDetails" name="openingCorporateWellness" time="18.372"/>
</testsuite> <!-- chromeTest -->
