<?xml version="1.0" encoding="UTF-8"?>
<!-- Generated by org.testng.reporters.JUnitXMLReporter -->
<testsuite ignored="0" hostname="LTIN199965" failures="0" tests="2" name="chromeTest" time="0.921" errors="0" timestamp="2024-02-13T15:03:43 IST">
  <testcase classname="testBase.BaseClass" name="@BeforeClass setup" time="0.043">
    <failure type="java.io.FileNotFoundException" message="C:\Users\2303507\eclipse-workspace\FindingHospitalsHackathonProject\FindingHospitalsHackathonProject\src\test\resources\config.properties (The system cannot find the path specified)">
      <![CDATA[java.io.FileNotFoundException: C:\Users\2303507\eclipse-workspace\FindingHospitalsHackathonProject\FindingHospitalsHackathonProject\src\test\resources\config.properties (The system cannot find the path specified)
at java.base/java.io.FileInputStream.open0(Native Method)
at java.base/java.io.FileInputStream.open(FileInputStream.java:216)
at java.base/java.io.FileInputStream.<init>(FileInputStream.java:157)
at java.base/java.io.FileInputStream.<init>(FileInputStream.java:111)
at testBase.BaseClass.setup(BaseClass.java:33)
at java.base/java.util.ArrayList.forEach(ArrayList.java:1511)
... Removed 29 stack frames]]>
    </failure>
  </testcase> <!-- @BeforeClass setup -->
  <testcase classname="testBase.BaseClass" name="@AfterClass tearDown" time="0.0">
    <skipped/>
  </testcase> <!-- @AfterClass tearDown -->
  <testcase classname="testCases.TC_001_SearchingDentists" name="searchingDentists" time="0.001">
    <skipped/>
  </testcase> <!-- searchingDentists -->
  <testcase classname="testCases.TC_001_SearchingDentists" name="gettingDentists" time="0.0">
    <skipped/>
  </testcase> <!-- gettingDentists -->
</testsuite> <!-- chromeTest -->
